Mariokart_IRL/Application/arsdk-kjr-NDK19-MIN_SDK_19/out/arsdk-android/gradle/app/outputs/logs/manifest-merger-debug-report.txt
-- Merging decision tree log ---
manifest
ADDED from src/main/AndroidManifest.xml:2:1-64:12
INJECTED from src/main/AndroidManifest.xml:2:1-64:12
INJECTED from src/main/AndroidManifest.xml:2:1-64:12
INJECTED from src/main/AndroidManifest.xml:2:1-64:12
MERGED from [:arsdk] AndroidManifest.xml:2:1-21:12
MERGED from [:libARController] AndroidManifest.xml:2:1-9:12
MERGED from [:libARMedia] AndroidManifest.xml:2:1-9:12
MERGED from [:libARDataTransfer] AndroidManifest.xml:2:1-9:12
MERGED from [:libARUpdater] AndroidManifest.xml:2:1-9:12
MERGED from [:libARUtils] AndroidManifest.xml:2:1-9:12
MERGED from [:libARDiscovery] AndroidManifest.xml:2:1-14:12
MERGED from [androidx.legacy:legacy-support-v4:1.0.0] AndroidManifest.xml:17:1-22:12
MERGED from [:libARCommands] AndroidManifest.xml:2:1-9:12
MERGED from [:aRBaseLib] AndroidManifest.xml:2:1-11:12
MERGED from [:libARMavlink] AndroidManifest.xml:2:1-9:12
MERGED from [:libARStream] AndroidManifest.xml:2:1-9:12
MERGED from [:libARNetwork] AndroidManifest.xml:2:1-9:12
MERGED from [:libARNetworkAL] AndroidManifest.xml:2:1-9:12
MERGED from [:libARStream2] AndroidManifest.xml:2:1-9:12
MERGED from [:libmux] AndroidManifest.xml:2:1-9:12
MERGED from [:libARSAL] AndroidManifest.xml:2:1-9:12
MERGED from [androidx.appcompat:appcompat:1.0.0] AndroidManifest.xml:17:1-22:12
MERGED from [androidx.media:media:1.0.0] AndroidManifest.xml:17:1-22:12
MERGED from [androidx.fragment:fragment:1.0.0] AndroidManifest.xml:17:1-22:12
MERGED from [androidx.vectordrawable:vectordrawable-animated:1.0.0] AndroidManifest.xml:17:1-22:12
MERGED from [androidx.legacy:legacy-support-core-ui:1.0.0] AndroidManifest.xml:17:1-22:12
MERGED from [androidx.legacy:legacy-support-core-utils:1.0.0] AndroidManifest.xml:17:1-22:12
MERGED from [androidx.vectordrawable:vectordrawable:1.0.0] AndroidManifest.xml:17:1-22:12
MERGED from [androidx.loader:loader:1.0.0] AndroidManifest.xml:17:1-22:12
MERGED from [androidx.viewpager:viewpager:1.0.0] AndroidManifest.xml:17:1-22:12
MERGED from [androidx.coordinatorlayout:coordinatorlayout:1.0.0] AndroidManifest.xml:17:1-22:12
MERGED from [androidx.drawerlayout:drawerlayout:1.0.0] AndroidManifest.xml:17:1-22:12
MERGED from [androidx.slidingpanelayout:slidingpanelayout:1.0.0] AndroidManifest.xml:17:1-22:12
MERGED from [androidx.customview:customview:1.0.0] AndroidManifest.xml:17:1-22:12
MERGED from [androidx.swiperefreshlayout:swiperefreshlayout:1.0.0] AndroidManifest.xml:17:1-22:12
MERGED from [androidx.asynclayoutinflater:asynclayoutinflater:1.0.0] AndroidManifest.xml:17:1-22:12
MERGED from [androidx.core:core:1.0.0] AndroidManifest.xml:17:1-24:12
MERGED from [androidx.versionedparcelable:versionedparcelable:1.0.0] AndroidManifest.xml:17:1-25:12
MERGED from [androidx.cursoradapter:cursoradapter:1.0.0] AndroidManifest.xml:17:1-22:12
MERGED from [androidx.lifecycle:lifecycle-runtime:2.0.0] AndroidManifest.xml:17:1-22:12
MERGED from [androidx.documentfile:documentfile:1.0.0] AndroidManifest.xml:17:1-22:12
MERGED from [androidx.localbroadcastmanager:localbroadcastmanager:1.0.0] AndroidManifest.xml:17:1-22:12
MERGED from [androidx.print:print:1.0.0] AndroidManifest.xml:17:1-22:12
MERGED from [androidx.interpolator:interpolator:1.0.0] AndroidManifest.xml:17:1-22:12
MERGED from [androidx.lifecycle:lifecycle-viewmodel:2.0.0] AndroidManifest.xml:17:1-22:12
MERGED from [androidx.lifecycle:lifecycle-livedata:2.0.0] AndroidManifest.xml:17:1-22:12
MERGED from [androidx.lifecycle:lifecycle-livedata-core:2.0.0] AndroidManifest.xml:17:1-22:12
MERGED from [androidx.arch.core:core-runtime:2.0.0] AndroidManifest.xml:17:1-22:12
	package
		INJECTED from src/main/AndroidManifest.xml
	android:versionName
		INJECTED from src/main/AndroidManifest.xml
	xmlns:tools
		ADDED from src/main/AndroidManifest.xml:2:11-57
	android:versionCode
		INJECTED from src/main/AndroidManifest.xml
	xmlns:android
		ADDED from src/main/AndroidManifest.xml:3:5-63
uses-permission#android.permission.ACCESS_NETWORK_STATE
ADDED from src/main/AndroidManifest.xml:5:5-79
MERGED from [:arsdk] AndroidManifest.xml:11:5-79
MERGED from [:arsdk] AndroidManifest.xml:11:5-79
	android:name
		ADDED from src/main/AndroidManifest.xml:5:22-76
uses-permission#android.permission.ACCESS_WIFI_STATE
ADDED from src/main/AndroidManifest.xml:6:5-76
MERGED from [:arsdk] AndroidManifest.xml:12:5-76
MERGED from [:arsdk] AndroidManifest.xml:12:5-76
MERGED from [:libARDiscovery] AndroidManifest.xml:11:5-76
MERGED from [:libARDiscovery] AndroidManifest.xml:11:5-76
	android:name
		ADDED from src/main/AndroidManifest.xml:6:22-73
uses-permission#android.permission.BLUETOOTH
ADDED from src/main/AndroidManifest.xml:7:5-68
MERGED from [:arsdk] AndroidManifest.xml:8:5-68
MERGED from [:arsdk] AndroidManifest.xml:8:5-68
	android:name
		ADDED from src/main/AndroidManifest.xml:7:22-65
uses-permission#android.permission.BLUETOOTH_ADMIN
ADDED from src/main/AndroidManifest.xml:8:5-74
MERGED from [:arsdk] AndroidManifest.xml:9:5-74
MERGED from [:arsdk] AndroidManifest.xml:9:5-74
MERGED from [:libARDiscovery] AndroidManifest.xml:9:5-74
MERGED from [:libARDiscovery] AndroidManifest.xml:9:5-74
	android:name
		ADDED from src/main/AndroidManifest.xml:8:22-71
uses-permission#android.permission.CAMERA
ADDED from src/main/AndroidManifest.xml:9:5-65
	android:name
		ADDED from src/main/AndroidManifest.xml:9:22-62
uses-permission#android.permission.WRITE_EXTERNAL_STORAGE
ADDED from src/main/AndroidManifest.xml:10:5-81
	android:name
		ADDED from src/main/AndroidManifest.xml:10:22-78
uses-permission#android.permission.ACCESS_FINE_LOCATION
ADDED from src/main/AndroidManifest.xml:11:5-79
	android:name
		ADDED from src/main/AndroidManifest.xml:11:22-76
uses-permission#android.permission.ACCESS_COARSE_LOCATION
ADDED from src/main/AndroidManifest.xml:12:5-81
MERGED from [:arsdk] AndroidManifest.xml:10:5-81
MERGED from [:arsdk] AndroidManifest.xml:10:5-81
	android:name
		ADDED from src/main/AndroidManifest.xml:12:22-78
uses-permission#android.permission.VIBRATE
ADDED from src/main/AndroidManifest.xml:13:5-65
	android:name
		ADDED from src/main/AndroidManifest.xml:13:22-63
uses-feature#android.hardware.bluetooth_le
ADDED from src/main/AndroidManifest.xml:15:5-17:36
	android:required
		ADDED from src/main/AndroidManifest.xml:17:9-33
	android:name
		ADDED from src/main/AndroidManifest.xml:16:9-53
uses-feature#android.hardware.camera
ADDED from src/main/AndroidManifest.xml:18:5-20:36
	android:required
		ADDED from src/main/AndroidManifest.xml:20:9-33
	android:name
		ADDED from src/main/AndroidManifest.xml:19:9-47
application
ADDED from src/main/AndroidManifest.xml:22:5-62:19
INJECTED from src/main/AndroidManifest.xml:22:5-62:19
MERGED from [:arsdk] AndroidManifest.xml:15:5-19:19
MERGED from [:arsdk] AndroidManifest.xml:15:5-19:19
MERGED from [androidx.core:core:1.0.0] AndroidManifest.xml:22:5-89
MERGED from [androidx.core:core:1.0.0] AndroidManifest.xml:22:5-89
MERGED from [androidx.versionedparcelable:versionedparcelable:1.0.0] AndroidManifest.xml:22:5-23:19
MERGED from [androidx.versionedparcelable:versionedparcelable:1.0.0] AndroidManifest.xml:22:5-23:19
	android:extractNativeLibs
		INJECTED from src/main/AndroidManifest.xml
	android:appComponentFactory
		ADDED from [androidx.core:core:1.0.0] AndroidManifest.xml:22:18-86
	android:supportsRtl
		ADDED from src/main/AndroidManifest.xml:27:9-35
	android:label
		ADDED from src/main/AndroidManifest.xml:26:9-41
	android:largeHeap
		ADDED from src/main/AndroidManifest.xml:28:9-33
	android:icon
		ADDED from src/main/AndroidManifest.xml:25:9-43
	android:allowBackup
		ADDED from src/main/AndroidManifest.xml:24:9-35
	android:theme
		ADDED from src/main/AndroidManifest.xml:29:9-40
	android:name
		ADDED from src/main/AndroidManifest.xml:23:9-44
activity#fr.enseeiht.superjumpingsumokart.application.GUIWelcome
ADDED from src/main/AndroidManifest.xml:30:9-45:20
	android:screenOrientation
		ADDED from src/main/AndroidManifest.xml:35:13-50
	android:requestLegacyExternalStorage
		ADDED from src/main/AndroidManifest.xml:37:13-56
	android:label
		ADDED from src/main/AndroidManifest.xml:33:13-60
	android:launchMode
		ADDED from src/main/AndroidManifest.xml:38:13-48
	android:hardwareAccelerated
		ADDED from src/main/AndroidManifest.xml:32:13-47
	android:exported
		ADDED from src/main/AndroidManifest.xml:34:13-36
	android:theme
		ADDED from src/main/AndroidManifest.xml:36:13-56
	android:name
		ADDED from src/main/AndroidManifest.xml:31:13-51
intent-filter#action:name:android.intent.action.MAIN+category:name:android.intent.category.LAUNCHER
ADDED from src/main/AndroidManifest.xml:40:13-44:29
action#android.intent.action.MAIN
ADDED from src/main/AndroidManifest.xml:41:17-69
	android:name
		ADDED from src/main/AndroidManifest.xml:41:25-66
category#android.intent.category.LAUNCHER
ADDED from src/main/AndroidManifest.xml:43:17-77
	android:name
		ADDED from src/main/AndroidManifest.xml:43:27-74
activity#fr.enseeiht.superjumpingsumokart.arpack.GUIGame
ADDED from src/main/AndroidManifest.xml:46:9-56:20
	android:screenOrientation
		ADDED from src/main/AndroidManifest.xml:51:13-50
	android:parentActivityName
		ADDED from src/main/AndroidManifest.xml:50:13-65
	android:label
		ADDED from src/main/AndroidManifest.xml:49:13-63
	android:configChanges
		ADDED from src/main/AndroidManifest.xml:48:13-74
	android:theme
		ADDED from src/main/AndroidManifest.xml:52:13-51
	android:name
		ADDED from src/main/AndroidManifest.xml:47:13-43
meta-data#android.support.PARENT_ACTIVITY
ADDED from src/main/AndroidManifest.xml:53:13-55:91
	android:value
		ADDED from src/main/AndroidManifest.xml:55:17-88
	android:name
		ADDED from src/main/AndroidManifest.xml:54:17-63
activity#fr.enseeiht.superjumpingsumokart.application.circuit.GUICircuit
ADDED from src/main/AndroidManifest.xml:57:9-68
	android:name
		ADDED from src/main/AndroidManifest.xml:57:19-65
activity#fr.enseeiht.superjumpingsumokart.application.circuit.GUICreateCircuit
ADDED from src/main/AndroidManifest.xml:58:9-74
	android:name
		ADDED from src/main/AndroidManifest.xml:58:19-71
activity#fr.enseeiht.superjumpingsumokart.application.circuit.GUIModifyCircuit
ADDED from src/main/AndroidManifest.xml:59:9-83
	android:name
		ADDED from src/main/AndroidManifest.xml:59:19-71
service#com.parrot.arsdk.ardiscovery.ARDiscoveryService
ADDED from src/main/AndroidManifest.xml:60:9-61:51
	tools:ignore
		ADDED from src/main/AndroidManifest.xml:61:13-40
	android:name
		ADDED from src/main/AndroidManifest.xml:60:18-80
uses-sdk
INJECTED from src/main/AndroidManifest.xml reason: use-sdk injection requested
INJECTED from src/main/AndroidManifest.xml
INJECTED from src/main/AndroidManifest.xml
MERGED from [:arsdk] AndroidManifest.xml:5:5-44
MERGED from [:arsdk] AndroidManifest.xml:5:5-44
MERGED from [:libARController] AndroidManifest.xml:7:5-44
MERGED from [:libARController] AndroidManifest.xml:7:5-44
MERGED from [:libARMedia] AndroidManifest.xml:7:5-44
MERGED from [:libARMedia] AndroidManifest.xml:7:5-44
MERGED from [:libARDataTransfer] AndroidManifest.xml:7:5-44
MERGED from [:libARDataTransfer] AndroidManifest.xml:7:5-44
MERGED from [:libARUpdater] AndroidManifest.xml:7:5-44
MERGED from [:libARUpdater] AndroidManifest.xml:7:5-44
MERGED from [:libARUtils] AndroidManifest.xml:7:5-44
MERGED from [:libARUtils] AndroidManifest.xml:7:5-44
MERGED from [:libARDiscovery] AndroidManifest.xml:7:5-44
MERGED from [:libARDiscovery] AndroidManifest.xml:7:5-44
MERGED from [androidx.legacy:legacy-support-v4:1.0.0] AndroidManifest.xml:20:5-44
MERGED from [androidx.legacy:legacy-support-v4:1.0.0] AndroidManifest.xml:20:5-44
MERGED from [:libARCommands] AndroidManifest.xml:7:5-44
MERGED from [:libARCommands] AndroidManifest.xml:7:5-44
MERGED from [:aRBaseLib] AndroidManifest.xml:7:5-9:41
MERGED from [:aRBaseLib] AndroidManifest.xml:7:5-9:41
MERGED from [:libARMavlink] AndroidManifest.xml:7:5-44
MERGED from [:libARMavlink] AndroidManifest.xml:7:5-44
MERGED from [:libARStream] AndroidManifest.xml:7:5-44
MERGED from [:libARStream] AndroidManifest.xml:7:5-44
MERGED from [:libARNetwork] AndroidManifest.xml:7:5-44
MERGED from [:libARNetwork] AndroidManifest.xml:7:5-44
MERGED from [:libARNetworkAL] AndroidManifest.xml:7:5-44
MERGED from [:libARNetworkAL] AndroidManifest.xml:7:5-44
MERGED from [:libARStream2] AndroidManifest.xml:7:5-44
MERGED from [:libARStream2] AndroidManifest.xml:7:5-44
MERGED from [:libmux] AndroidManifest.xml:7:5-44
MERGED from [:libmux] AndroidManifest.xml:7:5-44
MERGED from [:libARSAL] AndroidManifest.xml:7:5-44
MERGED from [:libARSAL] AndroidManifest.xml:7:5-44
MERGED from [androidx.appcompat:appcompat:1.0.0] AndroidManifest.xml:20:5-44
MERGED from [androidx.appcompat:appcompat:1.0.0] AndroidManifest.xml:20:5-44
MERGED from [androidx.media:media:1.0.0] AndroidManifest.xml:20:5-44
MERGED from [androidx.media:media:1.0.0] AndroidManifest.xml:20:5-44
MERGED from [androidx.fragment:fragment:1.0.0] AndroidManifest.xml:20:5-44
MERGED from [androidx.fragment:fragment:1.0.0] AndroidManifest.xml:20:5-44
MERGED from [androidx.vectordrawable:vectordrawable-animated:1.0.0] AndroidManifest.xml:20:5-44
MERGED from [androidx.vectordrawable:vectordrawable-animated:1.0.0] AndroidManifest.xml:20:5-44
MERGED from [androidx.legacy:legacy-support-core-ui:1.0.0] AndroidManifest.xml:20:5-44
MERGED from [androidx.legacy:legacy-support-core-ui:1.0.0] AndroidManifest.xml:20:5-44
MERGED from [androidx.legacy:legacy-support-core-utils:1.0.0] AndroidManifest.xml:20:5-44
MERGED from [androidx.legacy:legacy-support-core-utils:1.0.0] AndroidManifest.xml:20:5-44
MERGED from [androidx.vectordrawable:vectordrawable:1.0.0] AndroidManifest.xml:20:5-44
MERGED from [androidx.vectordrawable:vectordrawable:1.0.0] AndroidManifest.xml:20:5-44
MERGED from [androidx.loader:loader:1.0.0] AndroidManifest.xml:20:5-44
MERGED from [androidx.loader:loader:1.0.0] AndroidManifest.xml:20:5-44
MERGED from [androidx.viewpager:viewpager:1.0.0] AndroidManifest.xml:20:5-44
MERGED from [androidx.viewpager:viewpager:1.0.0] AndroidManifest.xml:20:5-44
MERGED from [androidx.coordinatorlayout:coordinatorlayout:1.0.0] AndroidManifest.xml:20:5-44
MERGED from [androidx.coordinatorlayout:coordinatorlayout:1.0.0] AndroidManifest.xml:20:5-44
MERGED from [androidx.drawerlayout:drawerlayout:1.0.0] AndroidManifest.xml:20:5-44
MERGED from [androidx.drawerlayout:drawerlayout:1.0.0] AndroidManifest.xml:20:5-44
MERGED from [androidx.slidingpanelayout:slidingpanelayout:1.0.0] AndroidManifest.xml:20:5-44
MERGED from [androidx.slidingpanelayout:slidingpanelayout:1.0.0] AndroidManifest.xml:20:5-44
MERGED from [androidx.customview:customview:1.0.0] AndroidManifest.xml:20:5-44
MERGED from [androidx.customview:customview:1.0.0] AndroidManifest.xml:20:5-44
MERGED from [androidx.swiperefreshlayout:swiperefreshlayout:1.0.0] AndroidManifest.xml:20:5-44
MERGED from [androidx.swiperefreshlayout:swiperefreshlayout:1.0.0] AndroidManifest.xml:20:5-44
MERGED from [androidx.asynclayoutinflater:asynclayoutinflater:1.0.0] AndroidManifest.xml:20:5-44
MERGED from [androidx.asynclayoutinflater:asynclayoutinflater:1.0.0] AndroidManifest.xml:20:5-44
MERGED from [androidx.core:core:1.0.0] AndroidManifest.xml:20:5-44
MERGED from [androidx.core:core:1.0.0] AndroidManifest.xml:20:5-44
MERGED from [androidx.versionedparcelable:versionedparcelable:1.0.0] AndroidManifest.xml:20:5-44
MERGED from [androidx.versionedparcelable:versionedparcelable:1.0.0] AndroidManifest.xml:20:5-44
MERGED from [androidx.cursoradapter:cursoradapter:1.0.0] AndroidManifest.xml:20:5-44
MERGED from [androidx.cursoradapter:cursoradapter:1.0.0] AndroidManifest.xml:20:5-44
MERGED from [androidx.lifecycle:lifecycle-runtime:2.0.0] AndroidManifest.xml:20:5-44
MERGED from [androidx.lifecycle:lifecycle-runtime:2.0.0] AndroidManifest.xml:20:5-44
MERGED from [androidx.documentfile:documentfile:1.0.0] AndroidManifest.xml:20:5-44
MERGED from [androidx.documentfile:documentfile:1.0.0] AndroidManifest.xml:20:5-44
MERGED from [androidx.localbroadcastmanager:localbroadcastmanager:1.0.0] AndroidManifest.xml:20:5-44
MERGED from [androidx.localbroadcastmanager:localbroadcastmanager:1.0.0] AndroidManifest.xml:20:5-44
MERGED from [androidx.print:print:1.0.0] AndroidManifest.xml:20:5-44
MERGED from [androidx.print:print:1.0.0] AndroidManifest.xml:20:5-44
MERGED from [androidx.interpolator:interpolator:1.0.0] AndroidManifest.xml:20:5-44
MERGED from [androidx.interpolator:interpolator:1.0.0] AndroidManifest.xml:20:5-44
MERGED from [androidx.lifecycle:lifecycle-viewmodel:2.0.0] AndroidManifest.xml:20:5-44
MERGED from [androidx.lifecycle:lifecycle-viewmodel:2.0.0] AndroidManifest.xml:20:5-44
MERGED from [androidx.lifecycle:lifecycle-livedata:2.0.0] AndroidManifest.xml:20:5-44
MERGED from [androidx.lifecycle:lifecycle-livedata:2.0.0] AndroidManifest.xml:20:5-44
MERGED from [androidx.lifecycle:lifecycle-livedata-core:2.0.0] AndroidManifest.xml:20:5-44
MERGED from [androidx.lifecycle:lifecycle-livedata-core:2.0.0] AndroidManifest.xml:20:5-44
MERGED from [androidx.arch.core:core-runtime:2.0.0] AndroidManifest.xml:20:5-44
MERGED from [androidx.arch.core:core-runtime:2.0.0] AndroidManifest.xml:20:5-44
	android:targetSdkVersion
		INJECTED from src/main/AndroidManifest.xml
	android:minSdkVersion
		INJECTED from src/main/AndroidManifest.xml
uses-permission#android.permission.INTERNET
ADDED from [:arsdk] AndroidManifest.xml:7:5-67
	android:name
		ADDED from [:arsdk] AndroidManifest.xml:7:22-64
uses-permission#android.permission.CHANGE_WIFI_MULTICAST_STATE
ADDED from [:arsdk] AndroidManifest.xml:13:5-86
MERGED from [:libARDiscovery] AndroidManifest.xml:10:5-86
MERGED from [:libARDiscovery] AndroidManifest.xml:10:5-86
	android:name
		ADDED from [:arsdk] AndroidManifest.xml:13:22-83
uses-permission#android.permission.REORDER_TASKS
ADDED from [:libARDiscovery] AndroidManifest.xml:12:5-72
	android:name
		ADDED from [:libARDiscovery] AndroidManifest.xml:12:22-69